<?xml version="1.0" encoding="utf-8"?><testsuites name="pytest tests"><testsuite name="pytest" errors="0" failures="0" skipped="0" tests="16" time="8.519" timestamp="2026-06-11T01:50:03.875989+00:00" hostname="agent-env-444c96da-0b62-4391-8b17-9486e1a23ee1"><testcase classname="backend.tests.test_iteration2_features.TestSessionType" name="test_default_volume_reps" time="0.361" /><testcase classname="backend.tests.test_iteration2_features.TestSessionType" name="test_puissance_reps_6_8" time="0.186" /><testcase classname="backend.tests.test_iteration2_features.TestSessionType" name="test_force_reps_3_6" time="0.115" /><testcase classname="backend.tests.test_iteration2_features.TestExerciseLibrary" name="test_library_groups_and_session_types" time="0.160" /><testcase classname="backend.tests.test_iteration2_features.TestWorkoutEdit" name="test_put_workout_persists" time="0.303" /><testcase classname="backend.tests.test_iteration2_features.TestPerf" name="test_log_perf_epley" time="0.291" /><testcase classname="backend.tests.test_iteration2_features.TestPerf" name="test_log_perf_1rep_is_weight" time="0.237" /><testcase classname="backend.tests.test_iteration2_features.TestPerf" name="test_perf_recent_with_pb" time="0.256" /><testcase classname="backend.tests.test_iteration2_features.TestStepsQuickAdd" name="test_steps_increment" time="0.243" /><testcase classname="backend.tests.test_iteration2_features.TestMealType" name="test_meal_auto_meal_type" time="2.801" /><testcase classname="backend.tests.test_iteration2_features.TestMealType" name="test_meal_explicit_meal_type_dinner" time="2.646" /><testcase classname="backend.tests.test_iteration2_features.TestMealsHistory" name="test_history_shape" time="0.160" /><testcase classname="backend.tests.test_iteration2_features.TestMealLifecycle" name="test_archive_between_7_and_14_days" time="0.183" /><testcase classname="backend.tests.test_iteration2_features.TestMealLifecycle" name="test_delete_older_than_14d_with_snapshot" time="0.188" /><testcase classname="backend.tests.test_iteration2_features.TestDeleteOlderThan" name="test_purge_and_snapshot" time="0.209" /><testcase classname="backend.tests.test_iteration2_features.TestComplianceHistory" name="test_history_sorted_desc" time="0.118" /></testsuite></testsuites>