<?xml version="1.0" encoding="utf-8"?><testsuites name="pytest tests"><testsuite name="pytest" errors="0" failures="0" skipped="0" tests="16" time="3.616" timestamp="2026-06-11T02:12:39.994826+00:00" hostname="agent-env-444c96da-0b62-4391-8b17-9486e1a23ee1"><testcase classname="tests.test_iteration3_features.TestExerciseLibraryExpanded" name="test_library_size_and_categories" time="0.291" /><testcase classname="tests.test_iteration3_features.TestExerciseLibraryExpanded" name="test_library_includes_new_gym_classics" time="0.156" /><testcase classname="tests.test_iteration3_features.TestExerciseLibraryExpanded" name="test_session_types_unchanged" time="0.170" /><testcase classname="tests.test_iteration3_features.TestFoodLibrary" name="test_food_library_size_and_categories" time="0.164" /><testcase classname="tests.test_iteration3_features.TestFoodLibrary" name="test_food_item_shape" time="0.210" /><testcase classname="tests.test_iteration3_features.TestFoodLibrary" name="test_specific_items_present" time="0.124" /><testcase classname="tests.test_iteration3_features.TestManualMeal" name="test_whey_2_scoops" time="0.213" /><testcase classname="tests.test_iteration3_features.TestManualMeal" name="test_riz_blanc_cru_150g" time="0.177" /><testcase classname="tests.test_iteration3_features.TestManualMeal" name="test_banane_1_unit" time="0.113" /><testcase classname="tests.test_iteration3_features.TestManualMeal" name="test_meal_type_override" time="0.111" /><testcase classname="tests.test_iteration3_features.TestManualMeal" name="test_invalid_food_returns_404" time="0.104" /><testcase classname="tests.test_iteration3_features.TestManualMeal" name="test_zero_quantity_returns_400" time="0.151" /><testcase classname="tests.test_iteration3_features.TestManualMeal" name="test_negative_quantity_returns_400" time="0.117" /><testcase classname="tests.test_iteration3_features.TestManualMeal" name="test_manual_meal_appears_in_meals_today" time="0.234" /><testcase classname="tests.test_iteration3_features.TestRegressions" name="test_workouts_generate_volume" time="0.117" /><testcase classname="tests.test_iteration3_features.TestRegressions" name="test_meals_analyze_path_still_present" time="1.122" /></testsuite></testsuites>