<?xml version="1.0" encoding="utf-8"?><testsuites name="pytest tests"><testsuite name="pytest" errors="0" failures="0" skipped="0" tests="32" time="5.551" timestamp="2026-06-13T18:55:59.649973+00:00" hostname="agent-env-444c96da-0b62-4391-8b17-9486e1a23ee1"><testcase classname="tests.test_iteration9_program_challenges.TestProgramCreate" name="test_block_weeks_sequence_order" time="0.281" /><testcase classname="tests.test_iteration9_program_challenges.TestProgramCreate" name="test_block_weeks_clamp_1_to_3" time="0.130" /><testcase classname="tests.test_iteration9_program_challenges.TestProgramCreate" name="test_split_home_uses_home_focuses" time="0.143" /><testcase classname="tests.test_iteration9_program_challenges.TestProgramCreate" name="test_split_home_freq5_includes_core_fullbody" time="0.132" /><testcase classname="tests.test_iteration9_program_challenges.TestProgramCreate" name="test_split_home_freq7_ends_with_cardio" time="0.131" /><testcase classname="tests.test_iteration9_program_challenges.TestProgramCreate" name="test_is_recommended_flag_present" time="0.097" /><testcase classname="tests.test_iteration9_program_challenges.TestProgramCreate" name="test_goal_field_persisted" time="0.105" /><testcase classname="tests.test_iteration9_program_challenges.TestAccelerate" name="test_accelerate_bumps_sets_from_current_week" time="0.246" /><testcase classname="tests.test_iteration9_program_challenges.TestAccelerate" name="test_accelerate_caps_at_6" time="0.339" /><testcase classname="tests.test_iteration9_program_challenges.TestAccelerate" name="test_accelerate_404_unknown" time="0.104" /><testcase classname="tests.test_iteration9_program_challenges.TestTravelMode" name="test_travel_pauses_and_creates_home_program" time="0.213" /><testcase classname="tests.test_iteration9_program_challenges.TestTravelMode" name="test_travel_clamps_days_3_90" time="0.209" /><testcase classname="tests.test_iteration9_program_challenges.TestTravelMode" name="test_travel_focus_sequences" time="0.141" /><testcase classname="tests.test_iteration9_program_challenges.TestTravelMode" name="test_resume_reactivates_paused" time="0.352" /><testcase classname="tests.test_iteration9_program_challenges.TestTravelMode" name="test_resume_404_when_nothing" time="0.105" /><testcase classname="tests.test_iteration9_program_challenges.TestChallengeStart" name="test_blueprints_returns_three" time="0.096" /><testcase classname="tests.test_iteration9_program_challenges.TestChallengeStart" name="test_start_returns_30_days" time="0.096" /><testcase classname="tests.test_iteration9_program_challenges.TestChallengeStart" name="test_level_from_profile_moderate_is_2" time="0.113" /><testcase classname="tests.test_iteration9_program_challenges.TestChallengeStart" name="test_start_auto_deactivates_prior_same_type" time="0.209" /><testcase classname="tests.test_iteration9_program_challenges.TestChallengeStart" name="test_active_returns_list" time="0.097" /><testcase classname="tests.test_iteration9_program_challenges.TestChallengeStart" name="test_start_bad_type" time="0.095" /><testcase classname="tests.test_iteration9_program_challenges.TestChallengeCheckDay" name="test_check_first_day_updates_streak_and_workout" time="0.222" /><testcase classname="tests.test_iteration9_program_challenges.TestChallengeCheckDay" name="test_idempotent_when_already_done" time="0.299" /><testcase classname="tests.test_iteration9_program_challenges.TestChallengeCheckDay" name="test_rest_day_cannot_be_checked" time="0.201" /><testcase classname="tests.test_iteration9_program_challenges.TestChallengeCheckDay" name="test_auto_completes_when_all_non_rest_done" time="0.212" /><testcase classname="tests.test_iteration9_program_challenges.TestChallengeCheckDay" name="test_invalid_day_index" time="0.255" /><testcase classname="tests.test_iteration9_program_challenges.TestChallengeAbandonAndGet" name="test_get_returns_full" time="0.204" /><testcase classname="tests.test_iteration9_program_challenges.TestChallengeAbandonAndGet" name="test_abandon_soft_deactivates" time="0.234" /><testcase classname="tests.test_iteration9_program_challenges.TestChallengeAbandonAndGet" name="test_get_404" time="0.131" /><testcase classname="tests.test_iteration9_program_challenges.TestChallengeAbandonAndGet" name="test_delete_404" time="0.109" /><testcase classname="tests.test_iteration9_program_challenges.TestAuthGuard" name="test_program_create_requires_auth" time="0.095" /><testcase classname="tests.test_iteration9_program_challenges.TestAuthGuard" name="test_challenge_start_requires_auth" time="0.095" /></testsuite></testsuites>