<?xml version="1.0" encoding="utf-8"?><testsuites name="pytest tests"><testsuite name="pytest" errors="0" failures="0" skipped="0" tests="35" time="9.715" timestamp="2026-06-13T17:55:05.370903+00:00" hostname="agent-env-444c96da-0b62-4391-8b17-9486e1a23ee1"><testcase classname="test_iteration8_program.TestProgramCreate" name="test_create_default_ppl_5" time="0.270" /><testcase classname="test_iteration8_program.TestProgramCreate" name="test_ppl_3_focus_sequence" time="0.135" /><testcase classname="test_iteration8_program.TestProgramCreate" name="test_ppl_5_focus_sequence" time="0.137" /><testcase classname="test_iteration8_program.TestProgramCreate" name="test_ppl_7_focus_sequence" time="0.109" /><testcase classname="test_iteration8_program.TestProgramCreate" name="test_fullbody_3_focus_sequence" time="0.133" /><testcase classname="test_iteration8_program.TestProgramCreate" name="test_fullbody_5_focus_sequence" time="0.140" /><testcase classname="test_iteration8_program.TestProgramCreate" name="test_fullbody_7_focus_sequence" time="0.100" /><testcase classname="test_iteration8_program.TestProgramCreate" name="test_split_5_focus_sequence" time="0.104" /><testcase classname="test_iteration8_program.TestProgramCreate" name="test_split_7_includes_core_and_cardio" time="0.100" /><testcase classname="test_iteration8_program.TestProgramCreate" name="test_weeks_clamp_lower" time="0.104" /><testcase classname="test_iteration8_program.TestProgramCreate" name="test_weeks_clamp_upper" time="0.119" /><testcase classname="test_iteration8_program.TestProgramCreate" name="test_invalid_split_falls_back_to_ppl" time="0.145" /><testcase classname="test_iteration8_program.TestProgramCreate" name="test_invalid_frequency_falls_back_to_3" time="0.109" /><testcase classname="test_iteration8_program.TestProgramCreate" name="test_default_cycle_pattern_alternates" time="0.103" /><testcase classname="test_iteration8_program.TestProgramCreate" name="test_deactivates_prior_program" time="0.218" /><testcase classname="test_iteration8_program.TestProgramCreate" name="test_requires_auth" time="0.097" /><testcase classname="test_iteration8_program.TestProgramCurrent" name="test_get_current_after_create" time="0.195" /><testcase classname="test_iteration8_program.TestProgramCurrent" name="test_returns_null_when_none" time="0.139" /><testcase classname="test_iteration8_program.TestProgramCurrent" name="test_offset_naive_started_at_does_not_crash" time="0.110" /><testcase classname="test_iteration8_program.TestProgramCurrent" name="test_requires_auth" time="0.102" /><testcase classname="test_iteration8_program.TestProgramUpdateDay" name="test_update_day_success" time="0.367" /><testcase classname="test_iteration8_program.TestProgramUpdateDay" name="test_update_day_404_program" time="0.100" /><testcase classname="test_iteration8_program.TestProgramUpdateDay" name="test_update_day_404_week" time="0.209" /><testcase classname="test_iteration8_program.TestProgramUpdateDay" name="test_update_day_404_day" time="0.213" /><testcase classname="test_iteration8_program.TestProgramUpdateDay" name="test_update_day_requires_auth" time="0.204" /><testcase classname="test_iteration8_program.TestProgramDelete" name="test_delete_deactivates" time="0.310" /><testcase classname="test_iteration8_program.TestProgramDelete" name="test_delete_404_when_missing" time="0.110" /><testcase classname="test_iteration8_program.TestProgramDelete" name="test_delete_requires_auth" time="0.096" /><testcase classname="test_iteration8_program.TestAiExerciseAdd" name="test_add_via_ai_success" time="2.968" /><testcase classname="test_iteration8_program.TestAiExerciseAdd" name="test_add_via_ai_empty_description_400" time="0.125" /><testcase classname="test_iteration8_program.TestAiExerciseAdd" name="test_add_via_ai_too_short_400" time="0.102" /><testcase classname="test_iteration8_program.TestAiExerciseAdd" name="test_add_via_ai_unrecognized_422" time="1.861" /><testcase classname="test_iteration8_program.TestAiExerciseAdd" name="test_add_via_ai_requires_auth" time="0.110" /><testcase classname="test_iteration8_program.TestUserAddedExercises" name="test_list_user_added" time="0.100" /><testcase classname="test_iteration8_program.TestUserAddedExercises" name="test_list_user_added_requires_auth" time="0.110" /></testsuite></testsuites>