<?xml version="1.0" encoding="utf-8"?><testsuites name="pytest tests"><testsuite name="pytest" errors="0" failures="0" skipped="0" tests="30" time="5.285" timestamp="2026-06-13T21:19:49.370519+00:00" hostname="agent-env-444c96da-0b62-4391-8b17-9486e1a23ee1"><testcase classname="tests.test_iteration11_phase5.TestMascot" name="test_put_mascot_valid_all_five" time="0.812" /><testcase classname="tests.test_iteration11_phase5.TestMascot" name="test_put_mascot_invalid_400" time="0.289" /><testcase classname="tests.test_iteration11_phase5.TestMascot" name="test_put_mascot_case_insensitive" time="0.150" /><testcase classname="tests.test_iteration11_phase5.TestMascot" name="test_put_mascot_unauth" time="0.104" /><testcase classname="tests.test_iteration11_phase5.TestNotifPrefs" name="test_caps_to_8_reminders" time="0.105" /><testcase classname="tests.test_iteration11_phase5.TestNotifPrefs" name="test_clamps_hour_minute" time="0.097" /><testcase classname="tests.test_iteration11_phase5.TestNotifPrefs" name="test_enabled_false_respected" time="0.100" /><testcase classname="tests.test_iteration11_phase5.TestNotifPrefs" name="test_days_of_week_sanitized" time="0.103" /><testcase classname="tests.test_iteration11_phase5.TestNotifPrefs" name="test_default_days_when_missing" time="0.164" /><testcase classname="tests.test_iteration11_phase5.TestAuthMeFields" name="test_returns_all_phase5_fields" time="0.131" /><testcase classname="tests.test_iteration11_phase5.TestAuthMeFields" name="test_fields_null_when_unset" time="0.139" /><testcase classname="tests.test_iteration11_phase5.TestPointsSummary" name="test_empty_state" time="0.112" /><testcase classname="tests.test_iteration11_phase5.TestPointsSummary" name="test_evolution_mapping" time="0.116" /><testcase classname="tests.test_iteration11_phase5.TestPointsSummary" name="test_streak_days" time="0.108" /><testcase classname="tests.test_iteration11_phase5.TestWorkoutComplete" name="test_complete_awards_20_idempotent" time="0.224" /><testcase classname="tests.test_iteration11_phase5.TestWorkoutComplete" name="test_complete_pr_detection" time="0.118" /><testcase classname="tests.test_iteration11_phase5.TestWorkoutComplete" name="test_pr_not_awarded_twice_same_exercise_same_workout" time="0.222" /><testcase classname="tests.test_iteration11_phase5.TestWorkoutComplete" name="test_streak_bonus" time="0.108" /><testcase classname="tests.test_iteration11_phase5.TestWorkoutComplete" name="test_no_streak_bonus_when_no_yesterday" time="0.104" /><testcase classname="tests.test_iteration11_phase5.TestDashboardDailyPoints" name="test_protein_target_hit" time="0.227" /><testcase classname="tests.test_iteration11_phase5.TestDashboardDailyPoints" name="test_protein_not_awarded_under_95" time="0.102" /><testcase classname="tests.test_iteration11_phase5.TestDashboardDailyPoints" name="test_calories_on_track" time="0.113" /><testcase classname="tests.test_iteration11_phase5.TestDashboardDailyPoints" name="test_calories_outside_7pct_no_award" time="0.113" /><testcase classname="tests.test_iteration11_phase5.TestDashboardDailyPoints" name="test_combo_bonus_3_distinct_reasons" time="0.217" /><testcase classname="tests.test_iteration11_phase5.TestChallengeCheckDay" name="test_challenge_day_awards_15" time="0.228" /><testcase classname="tests.test_iteration11_phase5.TestChallengeCheckDay" name="test_rest_day_no_award" time="0.207" /><testcase classname="tests.test_iteration11_phase5.TestTransformationsTakenAt" name="test_taken_at_valid" time="0.154" /><testcase classname="tests.test_iteration11_phase5.TestTransformationsTakenAt" name="test_taken_at_invalid_falls_back_today" time="0.100" /><testcase classname="tests.test_iteration11_phase5.TestTransformationsTakenAt" name="test_taken_at_missing_uses_today" time="0.103" /><testcase classname="tests.test_iteration11_phase5.TestTransformationsTakenAt" name="test_delete_transformation_still_works" time="0.353" /></testsuite></testsuites>