<?xml version="1.0" encoding="utf-8"?><testsuites name="pytest tests"><testsuite name="pytest" errors="0" failures="0" skipped="0" tests="10" time="28.899" timestamp="2026-06-11T11:11:10.203079+00:00" hostname="agent-env-444c96da-0b62-4391-8b17-9486e1a23ee1"><testcase classname="backend.tests.test_iteration4_features.TestTransformationsView" name="test_post_with_view_front" time="4.925" /><testcase classname="backend.tests.test_iteration4_features.TestTransformationsView" name="test_post_with_view_back" time="3.188" /><testcase classname="backend.tests.test_iteration4_features.TestTransformationsView" name="test_post_with_view_side" time="3.212" /><testcase classname="backend.tests.test_iteration4_features.TestTransformationsView" name="test_post_default_view_when_omitted" time="3.709" /><testcase classname="backend.tests.test_iteration4_features.TestTransformationsView" name="test_view_is_normalized_lowercase" time="3.495" /><testcase classname="backend.tests.test_iteration4_features.TestTransformationsView" name="test_get_returns_view_field_on_each_item" time="9.307" /><testcase classname="backend.tests.test_iteration4_features.TestDashboardWeekMacros" name="test_endpoint_returns_expected_shape" time="0.113" /><testcase classname="backend.tests.test_iteration4_features.TestAuthMeUpdate" name="test_put_name_updates_user" time="0.374" /><testcase classname="backend.tests.test_iteration4_features.TestFavorites" name="test_create_list_delete_favorite" time="0.437" /><testcase classname="backend.tests.test_iteration4_features.TestFavorites" name="test_create_favorite_invalid_food_404" time="0.124" /></testsuite></testsuites>