<?xml version="1.0" encoding="utf-8"?><testsuites name="pytest tests"><testsuite name="pytest" errors="0" failures="0" skipped="0" tests="19" time="9.332" timestamp="2026-06-13T15:24:40.048375+00:00" hostname="agent-env-444c96da-0b62-4391-8b17-9486e1a23ee1"><testcase classname="tests.test_iteration5_nutrition.TestAiFoodSearch" name="test_ai_search_short_query_returns_empty" time="0.134" /><testcase classname="tests.test_iteration5_nutrition.TestAiFoodSearch" name="test_ai_search_empty_query_returns_empty" time="0.110" /><testcase classname="tests.test_iteration5_nutrition.TestAiFoodSearch" name="test_ai_search_known_food_returns_suggestions" time="4.838" /><testcase classname="tests.test_iteration5_nutrition.TestAiFoodSearch" name="test_ai_search_requires_auth" time="0.133" /><testcase classname="tests.test_iteration5_nutrition.TestManualAiMeal" name="test_manual_ai_persists_meal_with_ai_source_and_snapshot" time="0.102" /><testcase classname="tests.test_iteration5_nutrition.TestManualAiMeal" name="test_manual_ai_unit_per_unit_no_100_ratio" time="0.107" /><testcase classname="tests.test_iteration5_nutrition.TestManualAiMeal" name="test_manual_ai_rejects_date_older_than_14_days" time="0.157" /><testcase classname="tests.test_iteration5_nutrition.TestManualAiMeal" name="test_manual_ai_rejects_quantity_zero" time="0.110" /><testcase classname="tests.test_iteration5_nutrition.TestManualAiMeal" name="test_manual_ai_accepts_past_date_within_14_days" time="0.114" /><testcase classname="tests.test_iteration5_nutrition.TestFoodsRecent" name="test_recent_empty_when_no_meals" time="0.098" /><testcase classname="tests.test_iteration5_nutrition.TestFoodsRecent" name="test_recent_returns_distinct_with_counts" time="0.406" /><testcase classname="tests.test_iteration5_nutrition.TestFoodsRecent" name="test_recent_limited_to_12" time="1.658" /><testcase classname="tests.test_iteration5_nutrition.TestManualMealDateValidation" name="test_manual_rejects_date_older_than_14_days" time="0.212" /><testcase classname="tests.test_iteration5_nutrition.TestManualMealDateValidation" name="test_manual_accepts_date_exactly_14_days_back" time="0.199" /><testcase classname="tests.test_iteration5_nutrition.TestManualMealDateValidation" name="test_manual_rejects_future_date" time="0.213" /><testcase classname="tests.test_iteration5_nutrition.TestFoodsLibrary" name="test_library_has_116_items" time="0.103" /><testcase classname="tests.test_iteration5_nutrition.TestFoodsLibrary" name="test_library_contains_expected_categories" time="0.146" /><testcase classname="tests.test_iteration5_nutrition.TestFoodsLibrary" name="test_library_items_have_macros" time="0.103" /><testcase classname="tests.test_iteration5_nutrition.TestMealsByDate" name="test_meals_by_past_date_returns_archived" time="0.340" /></testsuite></testsuites>