<?xml version="1.0" encoding="utf-8"?><testsuites name="pytest tests"><testsuite name="pytest" errors="0" failures="1" skipped="0" tests="18" time="5.827" timestamp="2026-06-13T20:06:21.912517+00:00" hostname="agent-env-444c96da-0b62-4391-8b17-9486e1a23ee1"><testcase classname="tests.test_iteration10_phase4.TestSilhouette" name="test_silhouette_normal" time="0.478" /><testcase classname="tests.test_iteration10_phase4.TestSilhouette" name="test_silhouette_level_clamp_low" time="0.143" /><testcase classname="tests.test_iteration10_phase4.TestSilhouette" name="test_silhouette_level_clamp_high" time="0.105" /><testcase classname="tests.test_iteration10_phase4.TestSilhouette" name="test_silhouette_sex_F_normalized" time="0.141" /><testcase classname="tests.test_iteration10_phase4.TestSilhouette" name="test_silhouette_sex_M_normalized" time="0.106" /><testcase classname="tests.test_iteration10_phase4.TestSilhouette" name="test_silhouette_unauth" time="0.132" /><testcase classname="tests.test_iteration10_phase4.TestEstimate1RM" name="test_estimate_1rm_full_payload" time="0.165"><failure message="AssertionError: Missing snapshot key 'bench'. Got keys=['at', 'squat', 'développé', 'soulevé']. BUG: server overrides the slug with name.split(' ')[0].lower(), yielding 'développé'/'soulevé' (and a key collision for bench/ohp).&#10;assert 'bench' in {'at': '2026-06-13T20:06:23.199033+00:00', 'développé': 58.3, 'soulevé': 154.0, 'squat': 116.7}">tests/test_iteration10_phase4.py:129: in test_estimate_1rm_full_payload
    assert k in snap, (
E   AssertionError: Missing snapshot key 'bench'. Got keys=['at', 'squat', 'développé', 'soulevé']. BUG: server overrides the slug with name.split(' ')[0].lower(), yielding 'développé'/'soulevé' (and a key collision for bench/ohp).
E   assert 'bench' in {'at': '2026-06-13T20:06:23.199033+00:00', 'développé': 58.3, 'soulevé': 154.0, 'squat': 116.7}</failure></testcase><testcase classname="tests.test_iteration10_phase4.TestEstimate1RM" name="test_estimate_1rm_partial_payload" time="0.100" /><testcase classname="tests.test_iteration10_phase4.TestEstimate1RM" name="test_estimate_1rm_empty_body" time="0.109" /><testcase classname="tests.test_iteration10_phase4.TestEstimate1RM" name="test_estimate_1rm_unauth" time="0.138" /><testcase classname="tests.test_iteration10_phase4.TestAuthMeFields" name="test_auth_me_returns_silhouette_and_force_metrics_keys" time="0.340" /><testcase classname="tests.test_iteration10_phase4.TestAuthMeFields" name="test_auth_me_returns_null_when_unset" time="0.103" /><testcase classname="tests.test_iteration10_phase4.TestTransformations" name="test_create_transformation_no_ai_feedback" time="0.098" /><testcase classname="tests.test_iteration10_phase4.TestTransformations" name="test_create_transformation_view_back" time="0.098" /><testcase classname="tests.test_iteration10_phase4.TestTransformations" name="test_delete_own_transformation" time="0.235" /><testcase classname="tests.test_iteration10_phase4.TestTransformations" name="test_delete_other_users_transformation_returns_404" time="0.112" /><testcase classname="tests.test_iteration10_phase4.TestTransformations" name="test_delete_nonexistent_transformation_404" time="0.134" /><testcase classname="tests.test_iteration10_phase4.TestAiAddRegression" name="test_ai_add_returns_required_keys" time="3.023" /></testsuite></testsuites>