<?xml version="1.0" encoding="utf-8"?><testsuites name="pytest tests"><testsuite name="pytest" errors="0" failures="0" skipped="0" tests="23" time="4.263" timestamp="2026-06-13T16:55:20.440318+00:00" hostname="agent-env-444c96da-0b62-4391-8b17-9486e1a23ee1"><testcase classname="backend.tests.test_iteration7_training.TestCycleGenerate" name="test_cycle_generate_default_4_weeks_default_pattern" time="0.447" /><testcase classname="backend.tests.test_iteration7_training.TestCycleGenerate" name="test_cycle_generate_1_week" time="0.138" /><testcase classname="backend.tests.test_iteration7_training.TestCycleGenerate" name="test_cycle_generate_8_weeks" time="0.100" /><testcase classname="backend.tests.test_iteration7_training.TestCycleGenerate" name="test_cycle_generate_clamps_to_8" time="0.134" /><testcase classname="backend.tests.test_iteration7_training.TestCycleGenerate" name="test_cycle_generate_custom_pattern" time="0.147" /><testcase classname="backend.tests.test_iteration7_training.TestCycleGenerate" name="test_cycle_workouts_have_cycle_fields" time="0.317" /><testcase classname="backend.tests.test_iteration7_training.TestCycleGenerate" name="test_cycle_generate_requires_auth" time="0.152" /><testcase classname="backend.tests.test_iteration7_training.TestCycleGenerate" name="test_cycle_generate_invalid_pattern_falls_back_to_default" time="0.101" /><testcase classname="backend.tests.test_iteration7_training.TestCalendar" name="test_calendar_current_month_default" time="0.191" /><testcase classname="backend.tests.test_iteration7_training.TestCalendar" name="test_calendar_specific_month" time="0.098" /><testcase classname="backend.tests.test_iteration7_training.TestCalendar" name="test_calendar_invalid_month_format" time="0.097" /><testcase classname="backend.tests.test_iteration7_training.TestCalendar" name="test_calendar_garbage_month" time="0.102" /><testcase classname="backend.tests.test_iteration7_training.TestCalendar" name="test_calendar_requires_auth" time="0.096" /><testcase classname="backend.tests.test_iteration7_training.TestCalendar" name="test_calendar_far_future_empty_month" time="0.102" /><testcase classname="backend.tests.test_iteration7_training.TestHistory" name="test_history_empty_initially" time="0.108" /><testcase classname="backend.tests.test_iteration7_training.TestHistory" name="test_history_returns_only_completed" time="0.666" /><testcase classname="backend.tests.test_iteration7_training.TestHistory" name="test_history_sorted_desc_by_date" time="0.100" /><testcase classname="backend.tests.test_iteration7_training.TestHistory" name="test_history_limit_clamps_to_100" time="0.100" /><testcase classname="backend.tests.test_iteration7_training.TestHistory" name="test_history_limit_respected" time="0.097" /><testcase classname="backend.tests.test_iteration7_training.TestHistory" name="test_history_requires_auth" time="0.104" /><testcase classname="backend.tests.test_iteration7_training.TestBackwardsCompat" name="test_workouts_week_still_works" time="0.100" /><testcase classname="backend.tests.test_iteration7_training.TestBackwardsCompat" name="test_workouts_today_still_works" time="0.204" /><testcase classname="backend.tests.test_iteration7_training.TestBackwardsCompat" name="test_complete_perf_and_recent" time="0.516" /></testsuite></testsuites>