<?xml version="1.0" encoding="utf-8"?><testsuites name="pytest tests"><testsuite name="pytest" errors="0" failures="0" skipped="0" tests="19" time="43.207" timestamp="2026-06-13T16:32:07.277679+00:00" hostname="agent-env-444c96da-0b62-4391-8b17-9486e1a23ee1"><testcase classname="backend.tests.test_iteration6_nutrition.TestDuplicateMeal" name="test_duplicate_meal_happy_path" time="0.301" /><testcase classname="backend.tests.test_iteration6_nutrition.TestDuplicateMeal" name="test_duplicate_meal_target_date_too_old_400" time="0.164" /><testcase classname="backend.tests.test_iteration6_nutrition.TestDuplicateMeal" name="test_duplicate_meal_target_date_future_400" time="0.163" /><testcase classname="backend.tests.test_iteration6_nutrition.TestDuplicateMeal" name="test_duplicate_meal_not_found_404" time="0.103" /><testcase classname="backend.tests.test_iteration6_nutrition.TestDuplicateMeal" name="test_duplicate_other_users_meal_returns_404" time="0.128" /><testcase classname="backend.tests.test_iteration6_nutrition.TestDuplicateMeal" name="test_duplicate_meal_no_auth_returns_401" time="0.166" /><testcase classname="backend.tests.test_iteration6_nutrition.TestDuplicateDay" name="test_duplicate_day_happy_path_multiple_meals" time="0.141" /><testcase classname="backend.tests.test_iteration6_nutrition.TestDuplicateDay" name="test_duplicate_day_no_meals_for_source_returns_404" time="0.134" /><testcase classname="backend.tests.test_iteration6_nutrition.TestDuplicateDay" name="test_duplicate_day_target_too_old_returns_400" time="0.136" /><testcase classname="backend.tests.test_iteration6_nutrition.TestDuplicateDay" name="test_duplicate_day_source_can_be_older_than_14_days" time="0.105" /><testcase classname="backend.tests.test_iteration6_nutrition.TestDuplicateDay" name="test_duplicate_day_invalid_source_date_format_returns_400" time="0.100" /><testcase classname="backend.tests.test_iteration6_nutrition.TestDuplicateDay" name="test_duplicate_day_no_auth_returns_401" time="0.100" /><testcase classname="backend.tests.test_iteration6_nutrition.TestRecipesFromIngredients" name="test_empty_ingredients_returns_empty_recipes" time="0.108" /><testcase classname="backend.tests.test_iteration6_nutrition.TestRecipesFromIngredients" name="test_whitespace_only_ingredients_treated_as_empty" time="0.094" /><testcase classname="backend.tests.test_iteration6_nutrition.TestRecipesFromIngredients" name="test_no_auth_returns_401" time="0.102" /><testcase classname="backend.tests.test_iteration6_nutrition.TestRecipesFromIngredients" name="test_recipes_happy_path_with_goal[bulking]" time="10.599" /><testcase classname="backend.tests.test_iteration6_nutrition.TestRecipesFromIngredients" name="test_recipes_happy_path_with_goal[cutting]" time="10.893" /><testcase classname="backend.tests.test_iteration6_nutrition.TestRecipesFromIngredients" name="test_recipes_happy_path_with_goal[maintenance]" time="9.907" /><testcase classname="backend.tests.test_iteration6_nutrition.TestRecipesFromIngredients" name="test_recipes_happy_path_with_goal[None]" time="9.724" /></testsuite></testsuites>