<?xml version="1.0" encoding="utf-8"?><testsuites name="pytest tests"><testsuite name="pytest" errors="0" failures="0" skipped="0" tests="51" time="20.434" timestamp="2026-06-11T02:12:48.628997+00:00" hostname="agent-env-444c96da-0b62-4391-8b17-9486e1a23ee1"><testcase classname="tests.test_fitness_api.TestRoot" name="test_root_ok" time="0.136" /><testcase classname="tests.test_fitness_api.TestAuth" name="test_me_without_token_401" time="0.105" /><testcase classname="tests.test_fitness_api.TestAuth" name="test_me_invalid_token_401" time="0.136" /><testcase classname="tests.test_fitness_api.TestAuth" name="test_me_valid_token" time="0.159" /><testcase classname="tests.test_fitness_api.TestProfile" name="test_put_profile_computes_targets" time="0.156" /><testcase classname="tests.test_fitness_api.TestProfile" name="test_get_profile_persisted" time="0.123" /><testcase classname="tests.test_fitness_api.TestMeals" name="test_analyze_meal" time="2.794" /><testcase classname="tests.test_fitness_api.TestMeals" name="test_list_meals_today_excludes_image" time="0.103" /><testcase classname="tests.test_fitness_api.TestMeals" name="test_delete_meal" time="0.199" /><testcase classname="tests.test_fitness_api.TestActivity" name="test_upsert_and_get_activity" time="0.165" /><testcase classname="tests.test_fitness_api.TestWorkouts" name="test_generate_requires_profile" time="0.116" /><testcase classname="tests.test_fitness_api.TestWorkouts" name="test_generate_week_plan" time="0.129" /><testcase classname="tests.test_fitness_api.TestWorkouts" name="test_get_week" time="0.112" /><testcase classname="tests.test_fitness_api.TestWorkouts" name="test_get_today_and_complete" time="0.228" /><testcase classname="tests.test_fitness_api.TestTransformations" name="test_add_transformation" time="4.489" /><testcase classname="tests.test_fitness_api.TestTransformations" name="test_list_transformations" time="0.149" /><testcase classname="tests.test_fitness_api.TestDashboard" name="test_dashboard_day" time="0.120" /><testcase classname="tests.test_fitness_api.TestDashboard" name="test_dashboard_week" time="0.204" /><testcase classname="tests.test_fitness_api.TestLogout" name="test_logout_invalidates" time="0.169" /><testcase classname="tests.test_iteration2_features.TestSessionType" name="test_default_volume_reps" time="0.161" /><testcase classname="tests.test_iteration2_features.TestSessionType" name="test_puissance_reps_6_8" time="0.130" /><testcase classname="tests.test_iteration2_features.TestSessionType" name="test_force_reps_3_6" time="0.119" /><testcase classname="tests.test_iteration2_features.TestExerciseLibrary" name="test_library_groups_and_session_types" time="0.108" /><testcase classname="tests.test_iteration2_features.TestWorkoutEdit" name="test_put_workout_persists" time="0.275" /><testcase classname="tests.test_iteration2_features.TestPerf" name="test_log_perf_epley" time="0.228" /><testcase classname="tests.test_iteration2_features.TestPerf" name="test_log_perf_1rep_is_weight" time="0.172" /><testcase classname="tests.test_iteration2_features.TestPerf" name="test_perf_recent_with_pb" time="0.216" /><testcase classname="tests.test_iteration2_features.TestStepsQuickAdd" name="test_steps_increment" time="0.290" /><testcase classname="tests.test_iteration2_features.TestMealType" name="test_meal_auto_meal_type" time="2.607" /><testcase classname="tests.test_iteration2_features.TestMealType" name="test_meal_explicit_meal_type_dinner" time="2.576" /><testcase classname="tests.test_iteration2_features.TestMealsHistory" name="test_history_shape" time="0.285" /><testcase classname="tests.test_iteration2_features.TestMealLifecycle" name="test_archive_between_7_and_14_days" time="0.171" /><testcase classname="tests.test_iteration2_features.TestMealLifecycle" name="test_delete_older_than_14d_with_snapshot" time="0.175" /><testcase classname="tests.test_iteration2_features.TestDeleteOlderThan" name="test_purge_and_snapshot" time="0.241" /><testcase classname="tests.test_iteration2_features.TestComplianceHistory" name="test_history_sorted_desc" time="0.129" /><testcase classname="tests.test_iteration3_features.TestExerciseLibraryExpanded" name="test_library_size_and_categories" time="0.112" /><testcase classname="tests.test_iteration3_features.TestExerciseLibraryExpanded" name="test_library_includes_new_gym_classics" time="0.129" /><testcase classname="tests.test_iteration3_features.TestExerciseLibraryExpanded" name="test_session_types_unchanged" time="0.125" /><testcase classname="tests.test_iteration3_features.TestFoodLibrary" name="test_food_library_size_and_categories" time="0.108" /><testcase classname="tests.test_iteration3_features.TestFoodLibrary" name="test_food_item_shape" time="0.106" /><testcase classname="tests.test_iteration3_features.TestFoodLibrary" name="test_specific_items_present" time="0.113" /><testcase classname="tests.test_iteration3_features.TestManualMeal" name="test_whey_2_scoops" time="0.116" /><testcase classname="tests.test_iteration3_features.TestManualMeal" name="test_riz_blanc_cru_150g" time="0.139" /><testcase classname="tests.test_iteration3_features.TestManualMeal" name="test_banane_1_unit" time="0.108" /><testcase classname="tests.test_iteration3_features.TestManualMeal" name="test_meal_type_override" time="0.166" /><testcase classname="tests.test_iteration3_features.TestManualMeal" name="test_invalid_food_returns_404" time="0.112" /><testcase classname="tests.test_iteration3_features.TestManualMeal" name="test_zero_quantity_returns_400" time="0.102" /><testcase classname="tests.test_iteration3_features.TestManualMeal" name="test_negative_quantity_returns_400" time="0.135" /><testcase classname="tests.test_iteration3_features.TestManualMeal" name="test_manual_meal_appears_in_meals_today" time="0.243" /><testcase classname="tests.test_iteration3_features.TestRegressions" name="test_workouts_generate_volume" time="0.116" /><testcase classname="tests.test_iteration3_features.TestRegressions" name="test_meals_analyze_path_still_present" time="0.754" /></testsuite></testsuites>