<?xml version="1.0" encoding="utf-8"?><testsuites name="pytest tests"><testsuite name="pytest" errors="0" failures="0" skipped="0" tests="35" time="16.500" timestamp="2026-06-11T01:50:16.798915+00:00" hostname="agent-env-444c96da-0b62-4391-8b17-9486e1a23ee1"><testcase classname="backend.tests.test_fitness_api.TestRoot" name="test_root_ok" time="0.179" /><testcase classname="backend.tests.test_fitness_api.TestAuth" name="test_me_without_token_401" time="0.110" /><testcase classname="backend.tests.test_fitness_api.TestAuth" name="test_me_invalid_token_401" time="0.123" /><testcase classname="backend.tests.test_fitness_api.TestAuth" name="test_me_valid_token" time="0.133" /><testcase classname="backend.tests.test_fitness_api.TestProfile" name="test_put_profile_computes_targets" time="0.193" /><testcase classname="backend.tests.test_fitness_api.TestProfile" name="test_get_profile_persisted" time="0.135" /><testcase classname="backend.tests.test_fitness_api.TestMeals" name="test_analyze_meal" time="2.280" /><testcase classname="backend.tests.test_fitness_api.TestMeals" name="test_list_meals_today_excludes_image" time="0.128" /><testcase classname="backend.tests.test_fitness_api.TestMeals" name="test_delete_meal" time="0.177" /><testcase classname="backend.tests.test_fitness_api.TestActivity" name="test_upsert_and_get_activity" time="0.162" /><testcase classname="backend.tests.test_fitness_api.TestWorkouts" name="test_generate_requires_profile" time="0.136" /><testcase classname="backend.tests.test_fitness_api.TestWorkouts" name="test_generate_week_plan" time="0.140" /><testcase classname="backend.tests.test_fitness_api.TestWorkouts" name="test_get_week" time="0.124" /><testcase classname="backend.tests.test_fitness_api.TestWorkouts" name="test_get_today_and_complete" time="0.218" /><testcase classname="backend.tests.test_fitness_api.TestTransformations" name="test_add_transformation" time="3.946" /><testcase classname="backend.tests.test_fitness_api.TestTransformations" name="test_list_transformations" time="0.167" /><testcase classname="backend.tests.test_fitness_api.TestDashboard" name="test_dashboard_day" time="0.174" /><testcase classname="backend.tests.test_fitness_api.TestDashboard" name="test_dashboard_week" time="0.122" /><testcase classname="backend.tests.test_fitness_api.TestLogout" name="test_logout_invalidates" time="0.169" /><testcase classname="backend.tests.test_iteration2_features.TestSessionType" name="test_default_volume_reps" time="0.181" /><testcase classname="backend.tests.test_iteration2_features.TestSessionType" name="test_puissance_reps_6_8" time="0.117" /><testcase classname="backend.tests.test_iteration2_features.TestSessionType" name="test_force_reps_3_6" time="0.115" /><testcase classname="backend.tests.test_iteration2_features.TestExerciseLibrary" name="test_library_groups_and_session_types" time="0.136" /><testcase classname="backend.tests.test_iteration2_features.TestWorkoutEdit" name="test_put_workout_persists" time="0.289" /><testcase classname="backend.tests.test_iteration2_features.TestPerf" name="test_log_perf_epley" time="0.223" /><testcase classname="backend.tests.test_iteration2_features.TestPerf" name="test_log_perf_1rep_is_weight" time="0.177" /><testcase classname="backend.tests.test_iteration2_features.TestPerf" name="test_perf_recent_with_pb" time="0.245" /><testcase classname="backend.tests.test_iteration2_features.TestStepsQuickAdd" name="test_steps_increment" time="0.238" /><testcase classname="backend.tests.test_iteration2_features.TestMealType" name="test_meal_auto_meal_type" time="2.451" /><testcase classname="backend.tests.test_iteration2_features.TestMealType" name="test_meal_explicit_meal_type_dinner" time="2.524" /><testcase classname="backend.tests.test_iteration2_features.TestMealsHistory" name="test_history_shape" time="0.167" /><testcase classname="backend.tests.test_iteration2_features.TestMealLifecycle" name="test_archive_between_7_and_14_days" time="0.181" /><testcase classname="backend.tests.test_iteration2_features.TestMealLifecycle" name="test_delete_older_than_14d_with_snapshot" time="0.194" /><testcase classname="backend.tests.test_iteration2_features.TestDeleteOlderThan" name="test_purge_and_snapshot" time="0.190" /><testcase classname="backend.tests.test_iteration2_features.TestComplianceHistory" name="test_history_sorted_desc" time="0.189" /></testsuite></testsuites>